06-Jun-2021 15:53:03.571 INFO [main] org.apache.catalina.startup.VersionLoggerListener.log Server version name:   Apache Tomcat/9.0.33
06-Jun-2021 15:53:03.574 INFO [main] org.apache.catalina.startup.VersionLoggerListener.log Server built:          Mar 11 2020 09:31:38 UTC
06-Jun-2021 15:53:03.574 INFO [main] org.apache.catalina.startup.VersionLoggerListener.log Server version number: 9.0.33.0
06-Jun-2021 15:53:03.575 INFO [main] org.apache.catalina.startup.VersionLoggerListener.log OS Name:               Mac OS X
06-Jun-2021 15:53:03.575 INFO [main] org.apache.catalina.startup.VersionLoggerListener.log OS Version:            10.16
06-Jun-2021 15:53:03.575 INFO [main] org.apache.catalina.startup.VersionLoggerListener.log Architecture:          x86_64
06-Jun-2021 15:53:03.575 INFO [main] org.apache.catalina.startup.VersionLoggerListener.log Java Home:             /Users/i338442/enviroment_stuff/SAPJVM8/sapjvm_8/jre
06-Jun-2021 15:53:03.575 INFO [main] org.apache.catalina.startup.VersionLoggerListener.log JVM Version:           8.1.046
06-Jun-2021 15:53:03.575 INFO [main] org.apache.catalina.startup.VersionLoggerListener.log JVM Vendor:            SAP AG
06-Jun-2021 15:53:03.575 INFO [main] org.apache.catalina.startup.VersionLoggerListener.log CATALINA_BASE:         /Users/i338442/СУ/2 семестър/Интернет технологии и уеб програмиране/lab03/apache-tomcat-9.0.33
06-Jun-2021 15:53:03.575 INFO [main] org.apache.catalina.startup.VersionLoggerListener.log CATALINA_HOME:         /Users/i338442/СУ/2 семестър/Интернет технологии и уеб програмиране/lab03/apache-tomcat-9.0.33
06-Jun-2021 15:53:03.579 INFO [main] org.apache.catalina.startup.VersionLoggerListener.log Command line argument: -Djava.util.logging.config.file=/Users/i338442/СУ/2 семестър/Интернет технологии и уеб програмиране/lab03/apache-tomcat-9.0.33/conf/logging.properties
06-Jun-2021 15:53:03.579 INFO [main] org.apache.catalina.startup.VersionLoggerListener.log Command line argument: -Djava.util.logging.manager=org.apache.juli.ClassLoaderLogManager
06-Jun-2021 15:53:03.579 INFO [main] org.apache.catalina.startup.VersionLoggerListener.log Command line argument: -Djdk.tls.ephemeralDHKeySize=2048
06-Jun-2021 15:53:03.579 INFO [main] org.apache.catalina.startup.VersionLoggerListener.log Command line argument: -Djava.protocol.handler.pkgs=org.apache.catalina.webresources
06-Jun-2021 15:53:03.579 INFO [main] org.apache.catalina.startup.VersionLoggerListener.log Command line argument: -Dorg.apache.catalina.security.SecurityListener.UMASK=0027
06-Jun-2021 15:53:03.579 INFO [main] org.apache.catalina.startup.VersionLoggerListener.log Command line argument: -Dignore.endorsed.dirs=
06-Jun-2021 15:53:03.580 INFO [main] org.apache.catalina.startup.VersionLoggerListener.log Command line argument: -Dcatalina.base=/Users/i338442/СУ/2 семестър/Интернет технологии и уеб програмиране/lab03/apache-tomcat-9.0.33
06-Jun-2021 15:53:03.581 INFO [main] org.apache.catalina.startup.VersionLoggerListener.log Command line argument: -Dcatalina.home=/Users/i338442/СУ/2 семестър/Интернет технологии и уеб програмиране/lab03/apache-tomcat-9.0.33
06-Jun-2021 15:53:03.581 INFO [main] org.apache.catalina.startup.VersionLoggerListener.log Command line argument: -Djava.io.tmpdir=/Users/i338442/СУ/2 семестър/Интернет технологии и уеб програмиране/lab03/apache-tomcat-9.0.33/temp
06-Jun-2021 15:53:03.581 INFO [main] org.apache.catalina.core.AprLifecycleListener.lifecycleEvent The APR based Apache Tomcat Native library which allows optimal performance in production environments was not found on the java.library.path: [/Users/i338442/Library/Java/Extensions:/Library/Java/Extensions:/Network/Library/Java/Extensions:/System/Library/Java/Extensions:/usr/lib/java:.]
06-Jun-2021 15:53:03.837 INFO [main] org.apache.coyote.AbstractProtocol.init Initializing ProtocolHandler ["http-nio-8080"]
06-Jun-2021 15:53:03.851 SEVERE [main] org.apache.catalina.util.LifecycleBase.handleSubClassException Failed to initialize component [Connector[HTTP/1.1-8080]]
	org.apache.catalina.LifecycleException: Protocol handler initialization failed
		at org.apache.catalina.connector.Connector.initInternal(Connector.java:1013)
		at org.apache.catalina.util.LifecycleBase.init(LifecycleBase.java:136)
		at org.apache.catalina.core.StandardService.initInternal(StandardService.java:533)
		at org.apache.catalina.util.LifecycleBase.init(LifecycleBase.java:136)
		at org.apache.catalina.core.StandardServer.initInternal(StandardServer.java:1057)
		at org.apache.catalina.util.LifecycleBase.init(LifecycleBase.java:136)
		at org.apache.catalina.startup.Catalina.load(Catalina.java:584)
		at org.apache.catalina.startup.Catalina.load(Catalina.java:607)
		at sun.reflect.NativeMethodAccessorImpl.invoke0(Native Method)
		at sun.reflect.NativeMethodAccessorImpl.invoke(NativeMethodAccessorImpl.java:62)
		at sun.reflect.DelegatingMethodAccessorImpl.invoke(DelegatingMethodAccessorImpl.java:43)
		at java.lang.reflect.Method.invoke(Method.java:498)
		at org.apache.catalina.startup.Bootstrap.load(Bootstrap.java:303)
		at org.apache.catalina.startup.Bootstrap.main(Bootstrap.java:473)
	Caused by: java.net.BindException: Address in use
		at sun.nio.ch.Net.bind0(Native Method)
		at sun.nio.ch.Net.bind(Net.java:433)
		at sun.nio.ch.Net.bind(Net.java:425)
		at sun.nio.ch.ServerSocketChannelImpl.bind(ServerSocketChannelImpl.java:223)
		at sun.nio.ch.ServerSocketAdaptor.bind(ServerSocketAdaptor.java:74)
		at org.apache.tomcat.util.net.NioEndpoint.initServerSocket(NioEndpoint.java:229)
		at org.apache.tomcat.util.net.NioEndpoint.bind(NioEndpoint.java:212)
		at org.apache.tomcat.util.net.AbstractEndpoint.bindWithCleanup(AbstractEndpoint.java:1141)
		at org.apache.tomcat.util.net.AbstractEndpoint.init(AbstractEndpoint.java:1154)
		at org.apache.coyote.AbstractProtocol.init(AbstractProtocol.java:581)
		at org.apache.coyote.http11.AbstractHttp11Protocol.init(AbstractHttp11Protocol.java:74)
		at org.apache.catalina.connector.Connector.initInternal(Connector.java:1010)
		... 13 more
06-Jun-2021 15:53:03.853 INFO [main] org.apache.catalina.startup.Catalina.load Server initialization in [430] milliseconds
06-Jun-2021 15:53:03.876 INFO [main] org.apache.catalina.core.StandardService.startInternal Starting service [Catalina]
06-Jun-2021 15:53:03.876 INFO [main] org.apache.catalina.core.StandardEngine.startInternal Starting Servlet engine: [Apache Tomcat/9.0.33]
06-Jun-2021 15:53:03.882 INFO [main] org.apache.catalina.startup.HostConfig.deployDirectory Deploying web application directory [/Users/i338442/СУ/2 семестър/Интернет технологии и уеб програмиране/lab03/apache-tomcat-9.0.33/webapps/docs]
06-Jun-2021 15:53:04.067 INFO [main] org.apache.catalina.startup.HostConfig.deployDirectory Deployment of web application directory [/Users/i338442/СУ/2 семестър/Интернет технологии и уеб програмиране/lab03/apache-tomcat-9.0.33/webapps/docs] has finished in [185] ms
06-Jun-2021 15:53:04.067 INFO [main] org.apache.catalina.startup.HostConfig.deployDirectory Deploying web application directory [/Users/i338442/СУ/2 семестър/Интернет технологии и уеб програмиране/lab03/apache-tomcat-9.0.33/webapps/manager]
06-Jun-2021 15:53:04.097 INFO [main] org.apache.catalina.startup.HostConfig.deployDirectory Deployment of web application directory [/Users/i338442/СУ/2 семестър/Интернет технологии и уеб програмиране/lab03/apache-tomcat-9.0.33/webapps/manager] has finished in [29] ms
06-Jun-2021 15:53:04.097 INFO [main] org.apache.catalina.startup.HostConfig.deployDirectory Deploying web application directory [/Users/i338442/СУ/2 семестър/Интернет технологии и уеб програмиране/lab03/apache-tomcat-9.0.33/webapps/examples]
06-Jun-2021 15:53:04.326 INFO [main] org.apache.catalina.startup.HostConfig.deployDirectory Deployment of web application directory [/Users/i338442/СУ/2 семестър/Интернет технологии и уеб програмиране/lab03/apache-tomcat-9.0.33/webapps/examples] has finished in [229] ms
06-Jun-2021 15:53:04.326 INFO [main] org.apache.catalina.startup.HostConfig.deployDirectory Deploying web application directory [/Users/i338442/СУ/2 семестър/Интернет технологии и уеб програмиране/lab03/apache-tomcat-9.0.33/webapps/ROOT]
06-Jun-2021 15:53:04.341 INFO [main] org.apache.catalina.startup.HostConfig.deployDirectory Deployment of web application directory [/Users/i338442/СУ/2 семестър/Интернет технологии и уеб програмиране/lab03/apache-tomcat-9.0.33/webapps/ROOT] has finished in [15] ms
06-Jun-2021 15:53:04.342 INFO [main] org.apache.catalina.startup.HostConfig.deployDirectory Deploying web application directory [/Users/i338442/СУ/2 семестър/Интернет технологии и уеб програмиране/lab03/apache-tomcat-9.0.33/webapps/host-manager]
06-Jun-2021 15:53:04.359 INFO [main] org.apache.catalina.startup.HostConfig.deployDirectory Deployment of web application directory [/Users/i338442/СУ/2 семестър/Интернет технологии и уеб програмиране/lab03/apache-tomcat-9.0.33/webapps/host-manager] has finished in [18] ms
06-Jun-2021 15:53:04.362 INFO [main] org.apache.catalina.startup.Catalina.start Server startup in [509] milliseconds
06-Jun-2021 15:53:31.214 INFO [main] org.apache.catalina.startup.VersionLoggerListener.log Server version name:   Apache Tomcat/9.0.33
06-Jun-2021 15:53:31.217 INFO [main] org.apache.catalina.startup.VersionLoggerListener.log Server built:          Mar 11 2020 09:31:38 UTC
06-Jun-2021 15:53:31.217 INFO [main] org.apache.catalina.startup.VersionLoggerListener.log Server version number: 9.0.33.0
06-Jun-2021 15:53:31.217 INFO [main] org.apache.catalina.startup.VersionLoggerListener.log OS Name:               Mac OS X
06-Jun-2021 15:53:31.217 INFO [main] org.apache.catalina.startup.VersionLoggerListener.log OS Version:            10.16
06-Jun-2021 15:53:31.217 INFO [main] org.apache.catalina.startup.VersionLoggerListener.log Architecture:          x86_64
06-Jun-2021 15:53:31.217 INFO [main] org.apache.catalina.startup.VersionLoggerListener.log Java Home:             /Users/i338442/enviroment_stuff/SAPJVM8/sapjvm_8/jre
06-Jun-2021 15:53:31.217 INFO [main] org.apache.catalina.startup.VersionLoggerListener.log JVM Version:           8.1.046
06-Jun-2021 15:53:31.217 INFO [main] org.apache.catalina.startup.VersionLoggerListener.log JVM Vendor:            SAP AG
06-Jun-2021 15:53:31.217 INFO [main] org.apache.catalina.startup.VersionLoggerListener.log CATALINA_BASE:         /Users/i338442/СУ/2 семестър/Интернет технологии и уеб програмиране/lab03/apache-tomcat-9.0.33
06-Jun-2021 15:53:31.218 INFO [main] org.apache.catalina.startup.VersionLoggerListener.log CATALINA_HOME:         /Users/i338442/СУ/2 семестър/Интернет технологии и уеб програмиране/lab03/apache-tomcat-9.0.33
06-Jun-2021 15:53:31.222 INFO [main] org.apache.catalina.startup.VersionLoggerListener.log Command line argument: -Djava.util.logging.config.file=/Users/i338442/СУ/2 семестър/Интернет технологии и уеб програмиране/lab03/apache-tomcat-9.0.33/conf/logging.properties
06-Jun-2021 15:53:31.222 INFO [main] org.apache.catalina.startup.VersionLoggerListener.log Command line argument: -Djava.util.logging.manager=org.apache.juli.ClassLoaderLogManager
06-Jun-2021 15:53:31.222 INFO [main] org.apache.catalina.startup.VersionLoggerListener.log Command line argument: -Djdk.tls.ephemeralDHKeySize=2048
06-Jun-2021 15:53:31.222 INFO [main] org.apache.catalina.startup.VersionLoggerListener.log Command line argument: -Djava.protocol.handler.pkgs=org.apache.catalina.webresources
06-Jun-2021 15:53:31.224 INFO [main] org.apache.catalina.startup.VersionLoggerListener.log Command line argument: -Dorg.apache.catalina.security.SecurityListener.UMASK=0027
06-Jun-2021 15:53:31.224 INFO [main] org.apache.catalina.startup.VersionLoggerListener.log Command line argument: -Dignore.endorsed.dirs=
06-Jun-2021 15:53:31.224 INFO [main] org.apache.catalina.startup.VersionLoggerListener.log Command line argument: -Dcatalina.base=/Users/i338442/СУ/2 семестър/Интернет технологии и уеб програмиране/lab03/apache-tomcat-9.0.33
06-Jun-2021 15:53:31.224 INFO [main] org.apache.catalina.startup.VersionLoggerListener.log Command line argument: -Dcatalina.home=/Users/i338442/СУ/2 семестър/Интернет технологии и уеб програмиране/lab03/apache-tomcat-9.0.33
06-Jun-2021 15:53:31.224 INFO [main] org.apache.catalina.startup.VersionLoggerListener.log Command line argument: -Djava.io.tmpdir=/Users/i338442/СУ/2 семестър/Интернет технологии и уеб програмиране/lab03/apache-tomcat-9.0.33/temp
06-Jun-2021 15:53:31.224 INFO [main] org.apache.catalina.core.AprLifecycleListener.lifecycleEvent The APR based Apache Tomcat Native library which allows optimal performance in production environments was not found on the java.library.path: [/Users/i338442/Library/Java/Extensions:/Library/Java/Extensions:/Network/Library/Java/Extensions:/System/Library/Java/Extensions:/usr/lib/java:.]
06-Jun-2021 15:53:31.459 INFO [main] org.apache.coyote.AbstractProtocol.init Initializing ProtocolHandler ["http-nio-8080"]
06-Jun-2021 15:53:31.480 INFO [main] org.apache.catalina.startup.Catalina.load Server initialization in [401] milliseconds
06-Jun-2021 15:53:31.501 INFO [main] org.apache.catalina.core.StandardService.startInternal Starting service [Catalina]
06-Jun-2021 15:53:31.501 INFO [main] org.apache.catalina.core.StandardEngine.startInternal Starting Servlet engine: [Apache Tomcat/9.0.33]
06-Jun-2021 15:53:31.507 INFO [main] org.apache.catalina.startup.HostConfig.deployDirectory Deploying web application directory [/Users/i338442/СУ/2 семестър/Интернет технологии и уеб програмиране/lab03/apache-tomcat-9.0.33/webapps/docs]
06-Jun-2021 15:53:31.677 INFO [main] org.apache.catalina.startup.HostConfig.deployDirectory Deployment of web application directory [/Users/i338442/СУ/2 семестър/Интернет технологии и уеб програмиране/lab03/apache-tomcat-9.0.33/webapps/docs] has finished in [169] ms
06-Jun-2021 15:53:31.677 INFO [main] org.apache.catalina.startup.HostConfig.deployDirectory Deploying web application directory [/Users/i338442/СУ/2 семестър/Интернет технологии и уеб програмиране/lab03/apache-tomcat-9.0.33/webapps/manager]
06-Jun-2021 15:53:31.703 INFO [main] org.apache.catalina.startup.HostConfig.deployDirectory Deployment of web application directory [/Users/i338442/СУ/2 семестър/Интернет технологии и уеб програмиране/lab03/apache-tomcat-9.0.33/webapps/manager] has finished in [26] ms
06-Jun-2021 15:53:31.704 INFO [main] org.apache.catalina.startup.HostConfig.deployDirectory Deploying web application directory [/Users/i338442/СУ/2 семестър/Интернет технологии и уеб програмиране/lab03/apache-tomcat-9.0.33/webapps/examples]
06-Jun-2021 15:53:31.919 INFO [main] org.apache.catalina.startup.HostConfig.deployDirectory Deployment of web application directory [/Users/i338442/СУ/2 семестър/Интернет технологии и уеб програмиране/lab03/apache-tomcat-9.0.33/webapps/examples] has finished in [215] ms
06-Jun-2021 15:53:31.919 INFO [main] org.apache.catalina.startup.HostConfig.deployDirectory Deploying web application directory [/Users/i338442/СУ/2 семестър/Интернет технологии и уеб програмиране/lab03/apache-tomcat-9.0.33/webapps/ROOT]
06-Jun-2021 15:53:31.935 INFO [main] org.apache.catalina.startup.HostConfig.deployDirectory Deployment of web application directory [/Users/i338442/СУ/2 семестър/Интернет технологии и уеб програмиране/lab03/apache-tomcat-9.0.33/webapps/ROOT] has finished in [16] ms
06-Jun-2021 15:53:31.936 INFO [main] org.apache.catalina.startup.HostConfig.deployDirectory Deploying web application directory [/Users/i338442/СУ/2 семестър/Интернет технологии и уеб програмиране/lab03/apache-tomcat-9.0.33/webapps/host-manager]
06-Jun-2021 15:53:31.953 INFO [main] org.apache.catalina.startup.HostConfig.deployDirectory Deployment of web application directory [/Users/i338442/СУ/2 семестър/Интернет технологии и уеб програмиране/lab03/apache-tomcat-9.0.33/webapps/host-manager] has finished in [17] ms
06-Jun-2021 15:53:31.956 INFO [main] org.apache.coyote.AbstractProtocol.start Starting ProtocolHandler ["http-nio-8080"]
06-Jun-2021 15:53:31.962 INFO [main] org.apache.catalina.startup.Catalina.start Server startup in [481] milliseconds
06-Jun-2021 15:53:31.966 SEVERE [main] org.apache.catalina.core.StandardServer.await Failed to create server shutdown socket on address [localhost] and port [8005] (base port [8005] and offset [0])
	java.net.BindException: Address already in use (Bind failed) (local port 0 to address 0:0:0:0:0:0:0:0, remote port 8005 to address 127.0.0.1 (localhost))
		at java.net.PlainSocketImpl.socketBind(Native Method)
		at java.net.AbstractPlainSocketImpl.bind(AbstractPlainSocketImpl.java:387)
		at java.net.ServerSocket.bind(ServerSocket.java:375)
		at java.net.ServerSocket.<init>(ServerSocket.java:237)
		at org.apache.catalina.core.StandardServer.await(StandardServer.java:584)
		at org.apache.catalina.startup.Catalina.await(Catalina.java:721)
		at org.apache.catalina.startup.Catalina.start(Catalina.java:667)
		at sun.reflect.NativeMethodAccessorImpl.invoke0(Native Method)
		at sun.reflect.NativeMethodAccessorImpl.invoke(NativeMethodAccessorImpl.java:62)
		at sun.reflect.DelegatingMethodAccessorImpl.invoke(DelegatingMethodAccessorImpl.java:43)
		at java.lang.reflect.Method.invoke(Method.java:498)
		at org.apache.catalina.startup.Bootstrap.start(Bootstrap.java:343)
		at org.apache.catalina.startup.Bootstrap.main(Bootstrap.java:474)
06-Jun-2021 15:53:31.983 INFO [main] org.apache.coyote.AbstractProtocol.pause Pausing ProtocolHandler ["http-nio-8080"]
06-Jun-2021 15:53:31.995 INFO [main] org.apache.catalina.core.StandardService.stopInternal Stopping service [Catalina]
06-Jun-2021 15:53:32.010 INFO [main] org.apache.coyote.AbstractProtocol.stop Stopping ProtocolHandler ["http-nio-8080"]
06-Jun-2021 15:53:32.012 INFO [main] org.apache.coyote.AbstractProtocol.destroy Destroying ProtocolHandler ["http-nio-8080"]
06-Jun-2021 15:54:32.830 INFO [main] org.apache.catalina.core.StandardServer.await A valid shutdown command was received via the shutdown port. Stopping the Server instance.
06-Jun-2021 15:54:32.830 INFO [main] org.apache.coyote.AbstractProtocol.pause Pausing ProtocolHandler ["http-nio-8080"]
06-Jun-2021 15:54:32.830 INFO [main] org.apache.catalina.core.StandardService.stopInternal Stopping service [Catalina]
06-Jun-2021 15:54:32.843 INFO [main] org.apache.coyote.AbstractProtocol.stop Stopping ProtocolHandler ["http-nio-8080"]
06-Jun-2021 15:54:32.843 INFO [main] org.apache.coyote.AbstractProtocol.destroy Destroying ProtocolHandler ["http-nio-8080"]
06-Jun-2021 15:54:40.727 INFO [main] org.apache.catalina.startup.VersionLoggerListener.log Server version name:   Apache Tomcat/9.0.33
06-Jun-2021 15:54:40.729 INFO [main] org.apache.catalina.startup.VersionLoggerListener.log Server built:          Mar 11 2020 09:31:38 UTC
06-Jun-2021 15:54:40.729 INFO [main] org.apache.catalina.startup.VersionLoggerListener.log Server version number: 9.0.33.0
06-Jun-2021 15:54:40.729 INFO [main] org.apache.catalina.startup.VersionLoggerListener.log OS Name:               Mac OS X
06-Jun-2021 15:54:40.729 INFO [main] org.apache.catalina.startup.VersionLoggerListener.log OS Version:            10.16
06-Jun-2021 15:54:40.729 INFO [main] org.apache.catalina.startup.VersionLoggerListener.log Architecture:          x86_64
06-Jun-2021 15:54:40.729 INFO [main] org.apache.catalina.startup.VersionLoggerListener.log Java Home:             /Users/i338442/enviroment_stuff/SAPJVM8/sapjvm_8/jre
06-Jun-2021 15:54:40.729 INFO [main] org.apache.catalina.startup.VersionLoggerListener.log JVM Version:           8.1.046
06-Jun-2021 15:54:40.729 INFO [main] org.apache.catalina.startup.VersionLoggerListener.log JVM Vendor:            SAP AG
06-Jun-2021 15:54:40.729 INFO [main] org.apache.catalina.startup.VersionLoggerListener.log CATALINA_BASE:         /Users/i338442/СУ/2 семестър/Интернет технологии и уеб програмиране/lab03/apache-tomcat-9.0.33
06-Jun-2021 15:54:40.729 INFO [main] org.apache.catalina.startup.VersionLoggerListener.log CATALINA_HOME:         /Users/i338442/СУ/2 семестър/Интернет технологии и уеб програмиране/lab03/apache-tomcat-9.0.33
06-Jun-2021 15:54:40.734 INFO [main] org.apache.catalina.startup.VersionLoggerListener.log Command line argument: -Djava.util.logging.config.file=/Users/i338442/СУ/2 семестър/Интернет технологии и уеб програмиране/lab03/apache-tomcat-9.0.33/conf/logging.properties
06-Jun-2021 15:54:40.734 INFO [main] org.apache.catalina.startup.VersionLoggerListener.log Command line argument: -Djava.util.logging.manager=org.apache.juli.ClassLoaderLogManager
06-Jun-2021 15:54:40.734 INFO [main] org.apache.catalina.startup.VersionLoggerListener.log Command line argument: -Djdk.tls.ephemeralDHKeySize=2048
06-Jun-2021 15:54:40.734 INFO [main] org.apache.catalina.startup.VersionLoggerListener.log Command line argument: -Djava.protocol.handler.pkgs=org.apache.catalina.webresources
06-Jun-2021 15:54:40.734 INFO [main] org.apache.catalina.startup.VersionLoggerListener.log Command line argument: -Dorg.apache.catalina.security.SecurityListener.UMASK=0027
06-Jun-2021 15:54:40.736 INFO [main] org.apache.catalina.startup.VersionLoggerListener.log Command line argument: -Dignore.endorsed.dirs=
06-Jun-2021 15:54:40.736 INFO [main] org.apache.catalina.startup.VersionLoggerListener.log Command line argument: -Dcatalina.base=/Users/i338442/СУ/2 семестър/Интернет технологии и уеб програмиране/lab03/apache-tomcat-9.0.33
06-Jun-2021 15:54:40.736 INFO [main] org.apache.catalina.startup.VersionLoggerListener.log Command line argument: -Dcatalina.home=/Users/i338442/СУ/2 семестър/Интернет технологии и уеб програмиране/lab03/apache-tomcat-9.0.33
06-Jun-2021 15:54:40.736 INFO [main] org.apache.catalina.startup.VersionLoggerListener.log Command line argument: -Djava.io.tmpdir=/Users/i338442/СУ/2 семестър/Интернет технологии и уеб програмиране/lab03/apache-tomcat-9.0.33/temp
06-Jun-2021 15:54:40.736 INFO [main] org.apache.catalina.core.AprLifecycleListener.lifecycleEvent The APR based Apache Tomcat Native library which allows optimal performance in production environments was not found on the java.library.path: [/Users/i338442/Library/Java/Extensions:/Library/Java/Extensions:/Network/Library/Java/Extensions:/System/Library/Java/Extensions:/usr/lib/java:.]
06-Jun-2021 15:54:40.959 INFO [main] org.apache.coyote.AbstractProtocol.init Initializing ProtocolHandler ["http-nio-8080"]
06-Jun-2021 15:54:40.980 INFO [main] org.apache.catalina.startup.Catalina.load Server initialization in [371] milliseconds
06-Jun-2021 15:54:40.996 INFO [main] org.apache.catalina.core.StandardService.startInternal Starting service [Catalina]
06-Jun-2021 15:54:40.997 INFO [main] org.apache.catalina.core.StandardEngine.startInternal Starting Servlet engine: [Apache Tomcat/9.0.33]
06-Jun-2021 15:54:41.002 INFO [main] org.apache.catalina.startup.HostConfig.deployDirectory Deploying web application directory [/Users/i338442/СУ/2 семестър/Интернет технологии и уеб програмиране/lab03/apache-tomcat-9.0.33/webapps/docs]
06-Jun-2021 15:54:41.152 INFO [main] org.apache.catalina.startup.HostConfig.deployDirectory Deployment of web application directory [/Users/i338442/СУ/2 семестър/Интернет технологии и уеб програмиране/lab03/apache-tomcat-9.0.33/webapps/docs] has finished in [150] ms
06-Jun-2021 15:54:41.152 INFO [main] org.apache.catalina.startup.HostConfig.deployDirectory Deploying web application directory [/Users/i338442/СУ/2 семестър/Интернет технологии и уеб програмиране/lab03/apache-tomcat-9.0.33/webapps/manager]
06-Jun-2021 15:54:41.178 INFO [main] org.apache.catalina.startup.HostConfig.deployDirectory Deployment of web application directory [/Users/i338442/СУ/2 семестър/Интернет технологии и уеб програмиране/lab03/apache-tomcat-9.0.33/webapps/manager] has finished in [26] ms
06-Jun-2021 15:54:41.179 INFO [main] org.apache.catalina.startup.HostConfig.deployDirectory Deploying web application directory [/Users/i338442/СУ/2 семестър/Интернет технологии и уеб програмиране/lab03/apache-tomcat-9.0.33/webapps/examples]
06-Jun-2021 15:54:41.384 INFO [main] org.apache.catalina.startup.HostConfig.deployDirectory Deployment of web application directory [/Users/i338442/СУ/2 семестър/Интернет технологии и уеб програмиране/lab03/apache-tomcat-9.0.33/webapps/examples] has finished in [206] ms
06-Jun-2021 15:54:41.385 INFO [main] org.apache.catalina.startup.HostConfig.deployDirectory Deploying web application directory [/Users/i338442/СУ/2 семестър/Интернет технологии и уеб програмиране/lab03/apache-tomcat-9.0.33/webapps/ROOT]
06-Jun-2021 15:54:41.401 INFO [main] org.apache.catalina.startup.HostConfig.deployDirectory Deployment of web application directory [/Users/i338442/СУ/2 семестър/Интернет технологии и уеб програмиране/lab03/apache-tomcat-9.0.33/webapps/ROOT] has finished in [16] ms
06-Jun-2021 15:54:41.401 INFO [main] org.apache.catalina.startup.HostConfig.deployDirectory Deploying web application directory [/Users/i338442/СУ/2 семестър/Интернет технологии и уеб програмиране/lab03/apache-tomcat-9.0.33/webapps/host-manager]
06-Jun-2021 15:54:41.423 INFO [main] org.apache.catalina.startup.HostConfig.deployDirectory Deployment of web application directory [/Users/i338442/СУ/2 семестър/Интернет технологии и уеб програмиране/lab03/apache-tomcat-9.0.33/webapps/host-manager] has finished in [21] ms
06-Jun-2021 15:54:41.427 INFO [main] org.apache.coyote.AbstractProtocol.start Starting ProtocolHandler ["http-nio-8080"]
06-Jun-2021 15:54:41.435 INFO [main] org.apache.catalina.startup.Catalina.start Server startup in [454] milliseconds
06-Jun-2021 16:04:21.302 INFO [main] org.apache.catalina.core.StandardServer.await A valid shutdown command was received via the shutdown port. Stopping the Server instance.
06-Jun-2021 16:04:21.303 INFO [main] org.apache.coyote.AbstractProtocol.pause Pausing ProtocolHandler ["http-nio-8080"]
06-Jun-2021 16:04:21.320 INFO [main] org.apache.catalina.core.StandardService.stopInternal Stopping service [Catalina]
06-Jun-2021 16:04:21.350 INFO [main] org.apache.coyote.AbstractProtocol.stop Stopping ProtocolHandler ["http-nio-8080"]
06-Jun-2021 16:04:21.352 INFO [main] org.apache.coyote.AbstractProtocol.destroy Destroying ProtocolHandler ["http-nio-8080"]
